# JRE version: Java(TM) SE Runtime Environment (8.0_181-b13) (build 1.8.0_181-b13)
# Java VM: Java HotSpot(TM) 64-Bit Server VM (25.181-b13 mixed mode windows-amd64 compressed oops)
Heap:
 PSYoungGen      total 669696K, used 42461K [0x000000076b500000, 0x0000000796e00000, 0x00000007c0000000)
  eden space 649728K, 6% used [0x000000076b500000,0x000000076de77600,0x0000000792f80000)
  from space 19968K, 0% used [0x0000000794700000,0x0000000794700000,0x0000000795a80000)
  to   space 14336K, 0% used [0x0000000796000000,0x0000000796000000,0x0000000796e00000)
 ParOldGen       total 151040K, used 36867K [0x00000006c1e00000, 0x00000006cb180000, 0x000000076b500000)
  object space 151040K, 24% used [0x00000006c1e00000,0x00000006c4200c70,0x00000006cb180000)
 Metaspace       used 60963K, capacity 64784K, committed 65048K, reserved 1107968K
  class space    used 8742K, capacity 9388K, committed 9496K, reserved 1048576K
GC Heap History (10 events):
Event: 16.011 GC heap before
{Heap before GC invocations=14 (full 3):
 PSYoungGen      total 669696K, used 5680K [0x000000076b500000, 0x0000000796e00000, 0x00000007c0000000)
  eden space 649728K, 0% used [0x000000076b500000,0x000000076b500000,0x0000000792f80000)
  from space 19968K, 28% used [0x0000000794700000,0x0000000794c8c310,0x0000000795a80000)
  to   space 14336K, 0% used [0x0000000796000000,0x0000000796000000,0x0000000796e00000)
 ParOldGen       total 112128K, used 43307K [0x00000006c1e00000, 0x00000006c8b80000, 0x000000076b500000)
  object space 112128K, 38% used [0x00000006c1e00000,0x00000006c484ae08,0x00000006c8b80000)
 Metaspace       used 56364K, capacity 59112K, committed 59160K, reserved 1099776K
  class space    used 7927K, capacity 8425K, committed 8472K, reserved 1048576K
Event: 16.251 GC heap after
Heap after GC invocations=14 (full 3):
 PSYoungGen      total 669696K, used 0K [0x000000076b500000, 0x0000000796e00000, 0x00000007c0000000)
  eden space 649728K, 0% used [0x000000076b500000,0x000000076b500000,0x0000000792f80000)
  from space 19968K, 0% used [0x0000000794700000,0x0000000794700000,0x0000000795a80000)
  to   space 14336K, 0% used [0x0000000796000000,0x0000000796000000,0x0000000796e00000)
 ParOldGen       total 151040K, used 30144K [0x00000006c1e00000, 0x00000006cb180000, 0x000000076b500000)
  object space 151040K, 19% used [0x00000006c1e00000,0x00000006c3b70070,0x00000006cb180000)
 Metaspace       used 56364K, capacity 59112K, committed 59160K, reserved 1099776K
  class space    used 7927K, capacity 8425K, committed 8472K, reserved 1048576K
}
Event: 17.353 GC heap before
{Heap before GC invocations=15 (full 3):
 PSYoungGen      total 669696K, used 126879K [0x000000076b500000, 0x0000000796e00000, 0x00000007c0000000)
  eden space 649728K, 19% used [0x000000076b500000,0x00000007730e7dd8,0x0000000792f80000)
  from space 19968K, 0% used [0x0000000794700000,0x0000000794700000,0x0000000795a80000)
  to   space 14336K, 0% used [0x0000000796000000,0x0000000796000000,0x0000000796e00000)
 ParOldGen       total 151040K, used 30144K [0x00000006c1e00000, 0x00000006cb180000, 0x000000076b500000)
  object space 151040K, 19% used [0x00000006c1e00000,0x00000006c3b70070,0x00000006cb180000)
 Metaspace       used 58813K, capacity 62258K, committed 62360K, reserved 1105920K
  class space    used 8410K, capacity 9031K, committed 9112K, reserved 1048576K
Event: 17.362 GC heap after
Heap after GC invocations=15 (full 3):
 PSYoungGen      total 664064K, used 6425K [0x000000076b500000, 0x0000000796e00000, 0x00000007c0000000)
  eden space 649728K, 0% used [0x000000076b500000,0x000000076b500000,0x0000000792f80000)
  from space 14336K, 44% used [0x0000000796000000,0x0000000796646630,0x0000000796e00000)
  to   space 19968K, 0% used [0x0000000794700000,0x0000000794700000,0x0000000795a80000)
 ParOldGen       total 151040K, used 30152K [0x00000006c1e00000, 0x00000006cb180000, 0x000000076b500000)
  object space 151040K, 19% used [0x00000006c1e00000,0x00000006c3b72070,0x00000006cb180000)
 Metaspace       used 58813K, capacity 62258K, committed 62360K, reserved 1105920K
  class space    used 8410K, capacity 9031K, committed 9112K, reserved 1048576K
}
Event: 17.362 GC heap before
{Heap before GC invocations=16 (full 4):
 PSYoungGen      total 664064K, used 6425K [0x000000076b500000, 0x0000000796e00000, 0x00000007c0000000)
  eden space 649728K, 0% used [0x000000076b500000,0x000000076b500000,0x0000000792f80000)
  from space 14336K, 44% used [0x0000000796000000,0x0000000796646630,0x0000000796e00000)
  to   space 19968K, 0% used [0x0000000794700000,0x0000000794700000,0x0000000795a80000)
 ParOldGen       total 151040K, used 30152K [0x00000006c1e00000, 0x00000006cb180000, 0x000000076b500000)
  object space 151040K, 19% used [0x00000006c1e00000,0x00000006c3b72070,0x00000006cb180000)
 Metaspace       used 58813K, capacity 62258K, committed 62360K, reserved 1105920K
  class space    used 8410K, capacity 9031K, committed 9112K, reserved 1048576K
Event: 17.451 GC heap after
Heap after GC invocations=16 (full 4):
 PSYoungGen      total 664064K, used 0K [0x000000076b500000, 0x0000000796e00000, 0x00000007c0000000)
  eden space 649728K, 0% used [0x000000076b500000,0x000000076b500000,0x0000000792f80000)
  from space 14336K, 0% used [0x0000000796000000,0x0000000796000000,0x0000000796e00000)
  to   space 19968K, 0% used [0x0000000794700000,0x0000000794700000,0x0000000795a80000)
 ParOldGen       total 151040K, used 33045K [0x00000006c1e00000, 0x00000006cb180000, 0x000000076b500000)
  object space 151040K, 21% used [0x00000006c1e00000,0x00000006c3e45508,0x00000006cb180000)
 Metaspace       used 58813K, capacity 62258K, committed 62360K, reserved 1103872K
  class space    used 8410K, capacity 9031K, committed 9112K, reserved 1048576K
}
Event: 18.941 GC heap before
{Heap before GC invocations=17 (full 4):
 PSYoungGen      total 664064K, used 204931K [0x000000076b500000, 0x0000000796e00000, 0x00000007c0000000)
  eden space 649728K, 31% used [0x000000076b500000,0x0000000777d20c40,0x0000000792f80000)
  from space 14336K, 0% used [0x0000000796000000,0x0000000796000000,0x0000000796e00000)
  to   space 19968K, 0% used [0x0000000794700000,0x0000000794700000,0x0000000795a80000)
 ParOldGen       total 151040K, used 33045K [0x00000006c1e00000, 0x00000006cb180000, 0x000000076b500000)
  object space 151040K, 21% used [0x00000006c1e00000,0x00000006c3e45508,0x00000006cb180000)
 Metaspace       used 60866K, capacity 64640K, committed 64792K, reserved 1110016K
  class space    used 8725K, capacity 9384K, committed 9496K, reserved 1048576K
Event: 18.948 GC heap after
Heap after GC invocations=17 (full 4):
 PSYoungGen      total 669696K, used 6499K [0x000000076b500000, 0x0000000796e00000, 0x00000007c0000000)
  eden space 649728K, 0% used [0x000000076b500000,0x000000076b500000,0x0000000792f80000)
  from space 19968K, 32% used [0x0000000794700000,0x0000000794d58cd0,0x0000000795a80000)
  to   space 14336K, 0% used [0x0000000796000000,0x0000000796000000,0x0000000796e00000)
 ParOldGen       total 151040K, used 33053K [0x00000006c1e00000, 0x00000006cb180000, 0x000000076b500000)
  object space 151040K, 21% used [0x00000006c1e00000,0x00000006c3e47508,0x00000006cb180000)
 Metaspace       used 60866K, capacity 64640K, committed 64792K, reserved 1110016K
  class space    used 8725K, capacity 9384K, committed 9496K, reserved 1048576K
}
Event: 18.948 GC heap before
{Heap before GC invocations=18 (full 5):
 PSYoungGen      total 669696K, used 6499K [0x000000076b500000, 0x0000000796e00000, 0x00000007c0000000)
  eden space 649728K, 0% used [0x000000076b500000,0x000000076b500000,0x0000000792f80000)
  from space 19968K, 32% used [0x0000000794700000,0x0000000794d58cd0,0x0000000795a80000)
  to   space 14336K, 0% used [0x0000000796000000,0x0000000796000000,0x0000000796e00000)
 ParOldGen       total 151040K, used 33053K [0x00000006c1e00000, 0x00000006cb180000, 0x000000076b500000)
  object space 151040K, 21% used [0x00000006c1e00000,0x00000006c3e47508,0x00000006cb180000)
 Metaspace       used 60866K, capacity 64640K, committed 64792K, reserved 1110016K
  class space    used 8725K, capacity 9384K, committed 9496K, reserved 1048576K
Event: 19.161 GC heap after
Heap after GC invocations=18 (full 5):
 PSYoungGen      total 669696K, used 0K [0x000000076b500000, 0x0000000796e00000, 0x00000007c0000000)
  eden space 649728K, 0% used [0x000000076b500000,0x000000076b500000,0x0000000792f80000)
  from space 19968K, 0% used [0x0000000794700000,0x0000000794700000,0x0000000795a80000)
  to   space 14336K, 0% used [0x0000000796000000,0x0000000796000000,0x0000000796e00000)
 ParOldGen       total 151040K, used 36867K [0x00000006c1e00000, 0x00000006cb180000, 0x000000076b500000)
  object space 151040K, 24% used [0x00000006c1e00000,0x00000006c4200c70,0x00000006cb180000)
 Metaspace       used 60866K, capacity 64640K, committed 64792K, reserved 1107968K
  class space    used 8725K, capacity 9384K, committed 9496K, reserved 1048576K
}

